<?xml version="1.0" encoding="UTF-8"?>
<robot generator="Robot 4.1 (Python 3.8.10 on linux)" generated="20211221 11:38:17.835" rpa="false" schemaversion="2">
<suite id="s1" name="Install Tests" source="/home/marks/CICD-toolbox/install_tests">
<suite id="s1-s1" name="Jenkins" source="/home/marks/CICD-toolbox/install_tests/jenkins">
<suite id="s1-s1-s1" name="Login Test" source="/home/marks/CICD-toolbox/install_tests/jenkins/login_test.robot">
<test id="s1-s1-s1-t1" name="netcicd is admin user">
<kw name="Login with correct role provides correct authorization">
<arg>netcicd</arg>
<arg>${VALID_PASSWORD}</arg>
<arg>jenkins-admin</arg>
<arg>jenkins-user</arg>
<kw name="Set Selenium Speed" library="SeleniumLibrary">
<arg>${DELAY}</arg>
<doc>Sets the delay that is waited after each Selenium command.</doc>
<status status="PASS" starttime="20211221 11:38:18.003" endtime="20211221 11:38:18.004"/>
</kw>
<kw name="Are assigned roles present">
<arg>${USERNAME}</arg>
<arg>${PASSWORD}</arg>
<arg>${OK_ROLES}</arg>
<kw name="Open Browser" library="SeleniumLibrary">
<arg>${JENKINS URL}</arg>
<arg>${BROWSER1}</arg>
<doc>Opens a new browser instance to the optional ``url``.</doc>
<msg timestamp="20211221 11:38:18.004" level="INFO">Opening browser 'Firefox' to base url 'http://jenkins.tooling.test:8084/'.</msg>
<msg timestamp="20211221 11:38:18.006" level="INFO">Firefox driver log is always forced to to: /home/marks/CICD-toolbox/geckodriver-206.log</msg>
<status status="PASS" starttime="20211221 11:38:18.004" endtime="20211221 11:38:21.865"/>
</kw>
<kw name="Log into Jenkins as user">
<arg>${USERNAME}</arg>
<arg>${PASSWORD}</arg>
<kw name="Keycloak Page Should Be Open">
<kw name="Title Should Be" library="SeleniumLibrary">
<arg>Sign in to Welcome to the Infrastructure Development Toolkit</arg>
<doc>Verifies that the current page title equals ``title``.</doc>
<msg timestamp="20211221 11:38:21.868" level="INFO">Page title is 'Sign in to Welcome to the Infrastructure Development Toolkit'.</msg>
<status status="PASS" starttime="20211221 11:38:21.866" endtime="20211221 11:38:21.868"/>
</kw>
<status status="PASS" starttime="20211221 11:38:21.866" endtime="20211221 11:38:21.869"/>
</kw>
<kw name="Input Text" library="SeleniumLibrary">
<arg>username</arg>
<arg>${USERNAME}</arg>
<doc>Types the given ``text`` into the text field identified by ``locator``.</doc>
<msg timestamp="20211221 11:38:21.869" level="INFO">Typing text 'netcicd' into text field 'username'.</msg>
<status status="PASS" starttime="20211221 11:38:21.869" endtime="20211221 11:38:21.904"/>
</kw>
<kw name="Input Text" library="SeleniumLibrary">
<arg>password</arg>
<arg>${PASSWORD}</arg>
<doc>Types the given ``text`` into the text field identified by ``locator``.</doc>
<msg timestamp="20211221 11:38:21.904" level="INFO">Typing text 'netcicd' into text field 'password'.</msg>
<status status="PASS" starttime="20211221 11:38:21.904" endtime="20211221 11:38:21.921"/>
</kw>
<kw name="Submit Credentials">
<kw name="Click Button" library="SeleniumLibrary">
<arg>kc-login</arg>
<doc>Clicks the button identified by ``locator``.</doc>
<msg timestamp="20211221 11:38:21.923" level="INFO">Clicking button 'kc-login'.</msg>
<status status="PASS" starttime="20211221 11:38:21.922" endtime="20211221 11:38:23.981"/>
</kw>
<status status="PASS" starttime="20211221 11:38:21.921" endtime="20211221 11:38:23.981"/>
</kw>
<kw name="Location Should Contain" library="SeleniumLibrary">
<arg>${JENKINS URL}</arg>
<doc>Verifies that the current URL contains ``expected``.</doc>
<msg timestamp="20211221 11:38:23.988" level="INFO">Current location contains 'http://jenkins.tooling.test:8084/'.</msg>
<status status="PASS" starttime="20211221 11:38:23.981" endtime="20211221 11:38:23.988"/>
</kw>
<status status="PASS" starttime="20211221 11:38:21.865" endtime="20211221 11:38:23.988"/>
</kw>
<kw name="Test given roles">
<arg>${USERNAME}</arg>
<arg>${OK_ROLES}</arg>
<kw name="Go To" library="SeleniumLibrary">
<arg>${JENKINS whoAmI}</arg>
<doc>Navigates the current browser window to the provided ``url``.</doc>
<msg timestamp="20211221 11:38:23.989" level="INFO">Opening url 'http://jenkins.tooling.test:8084/whoAmI'</msg>
<status status="PASS" starttime="20211221 11:38:23.989" endtime="20211221 11:38:24.492"/>
</kw>
<kw name="Split String" library="String">
<var>@{MY_ROLES}</var>
<arg>${OK_ROLES}</arg>
<arg>,</arg>
<doc>Splits the ``string`` using ``separator`` as a delimiter string.</doc>
<msg timestamp="20211221 11:38:24.493" level="INFO">@{MY_ROLES} = [ jenkins-admin ]</msg>
<status status="PASS" starttime="20211221 11:38:24.493" endtime="20211221 11:38:24.493"/>
</kw>
<for flavor="IN">
<var>${ROLE}</var>
<value>@{MY_ROLES}</value>
<iter>
<var name="${ROLE}">jenkins-admin</var>
<kw name="Run Keyword And Return Status" library="BuiltIn">
<var>${Status}</var>
<arg>Page Should Contain</arg>
<arg>"${ROLE}"</arg>
<doc>Runs the given keyword with given arguments and returns the status as a Boolean value.</doc>
<kw name="Page Should Contain" library="SeleniumLibrary">
<arg>"${ROLE}"</arg>
<doc>Verifies that current page contains ``text``.</doc>
<msg timestamp="20211221 11:38:24.529" level="INFO">Current page contains text '"jenkins-admin"'.</msg>
<status status="PASS" starttime="20211221 11:38:24.494" endtime="20211221 11:38:24.529"/>
</kw>
<msg timestamp="20211221 11:38:24.529" level="INFO">${Status} = True</msg>
<status status="PASS" starttime="20211221 11:38:24.493" endtime="20211221 11:38:24.529"/>
</kw>
<if>
<branch type="IF" condition="${Status}">
<kw name="Log To Console" library="BuiltIn">
<arg>${ROLE} can log in</arg>
<doc>Logs the given message to the console.</doc>
<status status="PASS" starttime="20211221 11:38:24.530" endtime="20211221 11:38:24.530"/>
</kw>
<status status="PASS" starttime="20211221 11:38:24.529" endtime="20211221 11:38:24.530"/>
</branch>
<branch type="ELSE">
<kw name="Run Keyword And Return Status" library="BuiltIn">
<var>${read_permission}</var>
<arg>Page Should Contain</arg>
<arg>"missing the Overall/Read permission"</arg>
<doc>Runs the given keyword with given arguments and returns the status as a Boolean value.</doc>
<status status="NOT RUN" starttime="20211221 11:38:24.531" endtime="20211221 11:38:24.531"/>
</kw>
<if>
<branch type="IF" condition="${read_permission}">
<kw name="Log To Console" library="BuiltIn">
<arg>${USERNAME} cannot log in</arg>
<doc>Logs the given message to the console.</doc>
<status status="NOT RUN" starttime="20211221 11:38:24.531" endtime="20211221 11:38:24.531"/>
</kw>
<status status="NOT RUN" starttime="20211221 11:38:24.531" endtime="20211221 11:38:24.531"/>
</branch>
<branch type="ELSE">
<kw name="Log To Console" library="BuiltIn">
<arg>${USERNAME} can login but has no rights</arg>
<doc>Logs the given message to the console.</doc>
<status status="NOT RUN" starttime="20211221 11:38:24.531" endtime="20211221 11:38:24.531"/>
</kw>
<status status="NOT RUN" starttime="20211221 11:38:24.531" endtime="20211221 11:38:24.531"/>
</branch>
<status status="NOT RUN" starttime="20211221 11:38:24.531" endtime="20211221 11:38:24.531"/>
</if>
<status status="NOT RUN" starttime="20211221 11:38:24.531" endtime="20211221 11:38:24.531"/>
</branch>
<status status="PASS" starttime="20211221 11:38:24.529" endtime="20211221 11:38:24.531"/>
</if>
<status status="PASS" starttime="20211221 11:38:24.493" endtime="20211221 11:38:24.531"/>
</iter>
<status status="PASS" starttime="20211221 11:38:24.493" endtime="20211221 11:38:24.531"/>
</for>
<status status="PASS" starttime="20211221 11:38:23.988" endtime="20211221 11:38:24.537"/>
</kw>
<kw name="Close Browser" library="SeleniumLibrary">
<doc>Closes the current browser.</doc>
<status status="PASS" starttime="20211221 11:38:24.537" endtime="20211221 11:38:25.317"/>
</kw>
<status status="PASS" starttime="20211221 11:38:18.004" endtime="20211221 11:38:25.317"/>
</kw>
<status status="PASS" starttime="20211221 11:38:18.003" endtime="20211221 11:38:25.317"/>
</kw>
<status status="PASS" starttime="20211221 11:38:18.002" endtime="20211221 11:38:25.318"/>
</test>
<test id="s1-s1-s1-t2" name="jenkins-git cannot login to jenkins">
<kw name="Login with correct role provides correct authorization">
<arg>jenkins-git</arg>
<arg>${VALID_PASSWORD}</arg>
<arg>--</arg>
<arg>--</arg>
<kw name="Set Selenium Speed" library="SeleniumLibrary">
<arg>${DELAY}</arg>
<doc>Sets the delay that is waited after each Selenium command.</doc>
<status status="PASS" starttime="20211221 11:38:25.320" endtime="20211221 11:38:25.320"/>
</kw>
<kw name="Are assigned roles present">
<arg>${USERNAME}</arg>
<arg>${PASSWORD}</arg>
<arg>${OK_ROLES}</arg>
<kw name="Open Browser" library="SeleniumLibrary">
<arg>${JENKINS URL}</arg>
<arg>${BROWSER1}</arg>
<doc>Opens a new browser instance to the optional ``url``.</doc>
<msg timestamp="20211221 11:38:25.321" level="INFO">Opening browser 'Firefox' to base url 'http://jenkins.tooling.test:8084/'.</msg>
<msg timestamp="20211221 11:38:25.323" level="INFO">Firefox driver log is always forced to to: /home/marks/CICD-toolbox/geckodriver-207.log</msg>
<status status="PASS" starttime="20211221 11:38:25.321" endtime="20211221 11:38:28.573"/>
</kw>
<kw name="Log into Jenkins as user">
<arg>${USERNAME}</arg>
<arg>${PASSWORD}</arg>
<kw name="Keycloak Page Should Be Open">
<kw name="Title Should Be" library="SeleniumLibrary">
<arg>Sign in to Welcome to the Infrastructure Development Toolkit</arg>
<doc>Verifies that the current page title equals ``title``.</doc>
<msg timestamp="20211221 11:38:28.578" level="INFO">Page title is 'Sign in to Welcome to the Infrastructure Development Toolkit'.</msg>
<status status="PASS" starttime="20211221 11:38:28.575" endtime="20211221 11:38:28.579"/>
</kw>
<status status="PASS" starttime="20211221 11:38:28.574" endtime="20211221 11:38:28.579"/>
</kw>
<kw name="Input Text" library="SeleniumLibrary">
<arg>username</arg>
<arg>${USERNAME}</arg>
<doc>Types the given ``text`` into the text field identified by ``locator``.</doc>
<msg timestamp="20211221 11:38:28.579" level="INFO">Typing text 'jenkins-git' into text field 'username'.</msg>
<status status="PASS" starttime="20211221 11:38:28.579" endtime="20211221 11:38:28.619"/>
</kw>
<kw name="Input Text" library="SeleniumLibrary">
<arg>password</arg>
<arg>${PASSWORD}</arg>
<doc>Types the given ``text`` into the text field identified by ``locator``.</doc>
<msg timestamp="20211221 11:38:28.620" level="INFO">Typing text 'netcicd' into text field 'password'.</msg>
<status status="PASS" starttime="20211221 11:38:28.619" endtime="20211221 11:38:28.646"/>
</kw>
<kw name="Submit Credentials">
<kw name="Click Button" library="SeleniumLibrary">
<arg>kc-login</arg>
<doc>Clicks the button identified by ``locator``.</doc>
<msg timestamp="20211221 11:38:28.647" level="INFO">Clicking button 'kc-login'.</msg>
<status status="PASS" starttime="20211221 11:38:28.646" endtime="20211221 11:38:29.317"/>
</kw>
<status status="PASS" starttime="20211221 11:38:28.646" endtime="20211221 11:38:29.317"/>
</kw>
<kw name="Location Should Contain" library="SeleniumLibrary">
<arg>${JENKINS URL}</arg>
<doc>Verifies that the current URL contains ``expected``.</doc>
<msg timestamp="20211221 11:38:29.325" level="INFO">Current location contains 'http://jenkins.tooling.test:8084/'.</msg>
<status status="PASS" starttime="20211221 11:38:29.318" endtime="20211221 11:38:29.325"/>
</kw>
<status status="PASS" starttime="20211221 11:38:28.573" endtime="20211221 11:38:29.325"/>
</kw>
<kw name="Test given roles">
<arg>${USERNAME}</arg>
<arg>${OK_ROLES}</arg>
<kw name="Go To" library="SeleniumLibrary">
<arg>${JENKINS whoAmI}</arg>
<doc>Navigates the current browser window to the provided ``url``.</doc>
<msg timestamp="20211221 11:38:29.326" level="INFO">Opening url 'http://jenkins.tooling.test:8084/whoAmI'</msg>
<status status="PASS" starttime="20211221 11:38:29.326" endtime="20211221 11:38:29.612"/>
</kw>
<kw name="Split String" library="String">
<var>@{MY_ROLES}</var>
<arg>${OK_ROLES}</arg>
<arg>,</arg>
<doc>Splits the ``string`` using ``separator`` as a delimiter string.</doc>
<msg timestamp="20211221 11:38:29.613" level="INFO">@{MY_ROLES} = [ -- ]</msg>
<status status="PASS" starttime="20211221 11:38:29.612" endtime="20211221 11:38:29.613"/>
</kw>
<for flavor="IN">
<var>${ROLE}</var>
<value>@{MY_ROLES}</value>
<iter>
<var name="${ROLE}">--</var>
<kw name="Run Keyword And Return Status" library="BuiltIn">
<var>${Status}</var>
<arg>Page Should Contain</arg>
<arg>"${ROLE}"</arg>
<doc>Runs the given keyword with given arguments and returns the status as a Boolean value.</doc>
<kw name="Page Should Contain" library="SeleniumLibrary">
<arg>"${ROLE}"</arg>
<doc>Verifies that current page contains ``text``.</doc>
<kw name="Capture Page Screenshot" library="SeleniumLibrary">
<doc>Takes a screenshot of the current page and embeds it into a log file.</doc>
<msg timestamp="20211221 11:38:29.736" level="INFO" html="true">&lt;/td&gt;&lt;/tr&gt;&lt;tr&gt;&lt;td colspan="3"&gt;&lt;a href="selenium-screenshot-64.png"&gt;&lt;img src="selenium-screenshot-64.png" width="800px"&gt;&lt;/a&gt;</msg>
<status status="PASS" starttime="20211221 11:38:29.643" endtime="20211221 11:38:29.736"/>
</kw>
<msg timestamp="20211221 11:38:29.739" level="FAIL">Page should have contained text '"--"' but did not.</msg>
<status status="FAIL" starttime="20211221 11:38:29.614" endtime="20211221 11:38:29.739"/>
</kw>
<msg timestamp="20211221 11:38:29.739" level="INFO">${Status} = False</msg>
<status status="PASS" starttime="20211221 11:38:29.613" endtime="20211221 11:38:29.739"/>
</kw>
<if>
<branch type="IF" condition="${Status}">
<kw name="Log To Console" library="BuiltIn">
<arg>${ROLE} can log in</arg>
<doc>Logs the given message to the console.</doc>
<status status="NOT RUN" starttime="20211221 11:38:29.740" endtime="20211221 11:38:29.740"/>
</kw>
<status status="NOT RUN" starttime="20211221 11:38:29.739" endtime="20211221 11:38:29.740"/>
</branch>
<branch type="ELSE">
<kw name="Run Keyword And Return Status" library="BuiltIn">
<var>${read_permission}</var>
<arg>Page Should Contain</arg>
<arg>"missing the Overall/Read permission"</arg>
<doc>Runs the given keyword with given arguments and returns the status as a Boolean value.</doc>
<kw name="Page Should Contain" library="SeleniumLibrary">
<arg>"missing the Overall/Read permission"</arg>
<doc>Verifies that current page contains ``text``.</doc>
<kw name="Capture Page Screenshot" library="SeleniumLibrary">
<doc>Takes a screenshot of the current page and embeds it into a log file.</doc>
<msg timestamp="20211221 11:38:29.875" level="INFO" html="true">&lt;/td&gt;&lt;/tr&gt;&lt;tr&gt;&lt;td colspan="3"&gt;&lt;a href="selenium-screenshot-65.png"&gt;&lt;img src="selenium-screenshot-65.png" width="800px"&gt;&lt;/a&gt;</msg>
<status status="PASS" starttime="20211221 11:38:29.767" endtime="20211221 11:38:29.875"/>
</kw>
<msg timestamp="20211221 11:38:29.876" level="FAIL">Page should have contained text '"missing the Overall/Read permission"' but did not.</msg>
<status status="FAIL" starttime="20211221 11:38:29.740" endtime="20211221 11:38:29.876"/>
</kw>
<msg timestamp="20211221 11:38:29.876" level="INFO">${read_permission} = False</msg>
<status status="PASS" starttime="20211221 11:38:29.740" endtime="20211221 11:38:29.876"/>
</kw>
<if>
<branch type="IF" condition="${read_permission}">
<kw name="Log To Console" library="BuiltIn">
<arg>${USERNAME} cannot log in</arg>
<doc>Logs the given message to the console.</doc>
<status status="NOT RUN" starttime="20211221 11:38:29.877" endtime="20211221 11:38:29.877"/>
</kw>
<status status="NOT RUN" starttime="20211221 11:38:29.876" endtime="20211221 11:38:29.877"/>
</branch>
<branch type="ELSE">
<kw name="Log To Console" library="BuiltIn">
<arg>${USERNAME} can login but has no rights</arg>
<doc>Logs the given message to the console.</doc>
<status status="PASS" starttime="20211221 11:38:29.877" endtime="20211221 11:38:29.877"/>
</kw>
<status status="PASS" starttime="20211221 11:38:29.877" endtime="20211221 11:38:29.877"/>
</branch>
<status status="PASS" starttime="20211221 11:38:29.876" endtime="20211221 11:38:29.877"/>
</if>
<status status="PASS" starttime="20211221 11:38:29.740" endtime="20211221 11:38:29.877"/>
</branch>
<status status="PASS" starttime="20211221 11:38:29.739" endtime="20211221 11:38:29.877"/>
</if>
<status status="PASS" starttime="20211221 11:38:29.613" endtime="20211221 11:38:29.877"/>
</iter>
<status status="PASS" starttime="20211221 11:38:29.613" endtime="20211221 11:38:29.877"/>
</for>
<status status="PASS" starttime="20211221 11:38:29.325" endtime="20211221 11:38:29.877"/>
</kw>
<kw name="Close Browser" library="SeleniumLibrary">
<doc>Closes the current browser.</doc>
<status status="PASS" starttime="20211221 11:38:29.877" endtime="20211221 11:38:30.360"/>
</kw>
<status status="PASS" starttime="20211221 11:38:25.320" endtime="20211221 11:38:30.360"/>
</kw>
<status status="PASS" starttime="20211221 11:38:25.319" endtime="20211221 11:38:30.360"/>
</kw>
<status status="PASS" starttime="20211221 11:38:25.318" endtime="20211221 11:38:30.360"/>
</test>
<test id="s1-s1-s1-t3" name="jenkins-jenkins can login to jenkins">
<kw name="Login with correct role provides correct authorization">
<arg>jenkins-jenkins</arg>
<arg>${VALID_PASSWORD}</arg>
<arg>jenkins-user</arg>
<arg>jenkins-admin</arg>
<kw name="Set Selenium Speed" library="SeleniumLibrary">
<arg>${DELAY}</arg>
<doc>Sets the delay that is waited after each Selenium command.</doc>
<status status="PASS" starttime="20211221 11:38:30.361" endtime="20211221 11:38:30.362"/>
</kw>
<kw name="Are assigned roles present">
<arg>${USERNAME}</arg>
<arg>${PASSWORD}</arg>
<arg>${OK_ROLES}</arg>
<kw name="Open Browser" library="SeleniumLibrary">
<arg>${JENKINS URL}</arg>
<arg>${BROWSER1}</arg>
<doc>Opens a new browser instance to the optional ``url``.</doc>
<msg timestamp="20211221 11:38:30.362" level="INFO">Opening browser 'Firefox' to base url 'http://jenkins.tooling.test:8084/'.</msg>
<msg timestamp="20211221 11:38:30.363" level="INFO">Firefox driver log is always forced to to: /home/marks/CICD-toolbox/geckodriver-208.log</msg>
<status status="PASS" starttime="20211221 11:38:30.362" endtime="20211221 11:38:33.121"/>
</kw>
<kw name="Log into Jenkins as user">
<arg>${USERNAME}</arg>
<arg>${PASSWORD}</arg>
<kw name="Keycloak Page Should Be Open">
<kw name="Title Should Be" library="SeleniumLibrary">
<arg>Sign in to Welcome to the Infrastructure Development Toolkit</arg>
<doc>Verifies that the current page title equals ``title``.</doc>
<msg timestamp="20211221 11:38:33.137" level="INFO">Page title is 'Sign in to Welcome to the Infrastructure Development Toolkit'.</msg>
<status status="PASS" starttime="20211221 11:38:33.123" endtime="20211221 11:38:33.138"/>
</kw>
<status status="PASS" starttime="20211221 11:38:33.123" endtime="20211221 11:38:33.138"/>
</kw>
<kw name="Input Text" library="SeleniumLibrary">
<arg>username</arg>
<arg>${USERNAME}</arg>
<doc>Types the given ``text`` into the text field identified by ``locator``.</doc>
<msg timestamp="20211221 11:38:33.138" level="INFO">Typing text 'jenkins-jenkins' into text field 'username'.</msg>
<status status="PASS" starttime="20211221 11:38:33.138" endtime="20211221 11:38:33.178"/>
</kw>
<kw name="Input Text" library="SeleniumLibrary">
<arg>password</arg>
<arg>${PASSWORD}</arg>
<doc>Types the given ``text`` into the text field identified by ``locator``.</doc>
<msg timestamp="20211221 11:38:33.179" level="INFO">Typing text 'netcicd' into text field 'password'.</msg>
<status status="PASS" starttime="20211221 11:38:33.179" endtime="20211221 11:38:33.200"/>
</kw>
<kw name="Submit Credentials">
<kw name="Click Button" library="SeleniumLibrary">
<arg>kc-login</arg>
<doc>Clicks the button identified by ``locator``.</doc>
<msg timestamp="20211221 11:38:33.201" level="INFO">Clicking button 'kc-login'.</msg>
<status status="PASS" starttime="20211221 11:38:33.201" endtime="20211221 11:38:33.898"/>
</kw>
<status status="PASS" starttime="20211221 11:38:33.200" endtime="20211221 11:38:33.898"/>
</kw>
<kw name="Location Should Contain" library="SeleniumLibrary">
<arg>${JENKINS URL}</arg>
<doc>Verifies that the current URL contains ``expected``.</doc>
<msg timestamp="20211221 11:38:33.900" level="INFO">Current location contains 'http://jenkins.tooling.test:8084/'.</msg>
<status status="PASS" starttime="20211221 11:38:33.898" endtime="20211221 11:38:33.900"/>
</kw>
<status status="PASS" starttime="20211221 11:38:33.122" endtime="20211221 11:38:33.900"/>
</kw>
<kw name="Test given roles">
<arg>${USERNAME}</arg>
<arg>${OK_ROLES}</arg>
<kw name="Go To" library="SeleniumLibrary">
<arg>${JENKINS whoAmI}</arg>
<doc>Navigates the current browser window to the provided ``url``.</doc>
<msg timestamp="20211221 11:38:33.901" level="INFO">Opening url 'http://jenkins.tooling.test:8084/whoAmI'</msg>
<status status="PASS" starttime="20211221 11:38:33.900" endtime="20211221 11:38:34.090"/>
</kw>
<kw name="Split String" library="String">
<var>@{MY_ROLES}</var>
<arg>${OK_ROLES}</arg>
<arg>,</arg>
<doc>Splits the ``string`` using ``separator`` as a delimiter string.</doc>
<msg timestamp="20211221 11:38:34.090" level="INFO">@{MY_ROLES} = [ jenkins-user ]</msg>
<status status="PASS" starttime="20211221 11:38:34.090" endtime="20211221 11:38:34.090"/>
</kw>
<for flavor="IN">
<var>${ROLE}</var>
<value>@{MY_ROLES}</value>
<iter>
<var name="${ROLE}">jenkins-user</var>
<kw name="Run Keyword And Return Status" library="BuiltIn">
<var>${Status}</var>
<arg>Page Should Contain</arg>
<arg>"${ROLE}"</arg>
<doc>Runs the given keyword with given arguments and returns the status as a Boolean value.</doc>
<kw name="Page Should Contain" library="SeleniumLibrary">
<arg>"${ROLE}"</arg>
<doc>Verifies that current page contains ``text``.</doc>
<kw name="Capture Page Screenshot" library="SeleniumLibrary">
<doc>Takes a screenshot of the current page and embeds it into a log file.</doc>
<msg timestamp="20211221 11:38:34.172" level="INFO" html="true">&lt;/td&gt;&lt;/tr&gt;&lt;tr&gt;&lt;td colspan="3"&gt;&lt;a href="selenium-screenshot-66.png"&gt;&lt;img src="selenium-screenshot-66.png" width="800px"&gt;&lt;/a&gt;</msg>
<status status="PASS" starttime="20211221 11:38:34.118" endtime="20211221 11:38:34.173"/>
</kw>
<msg timestamp="20211221 11:38:34.173" level="FAIL">Page should have contained text '"jenkins-user"' but did not.</msg>
<status status="FAIL" starttime="20211221 11:38:34.091" endtime="20211221 11:38:34.173"/>
</kw>
<msg timestamp="20211221 11:38:34.173" level="INFO">${Status} = False</msg>
<status status="PASS" starttime="20211221 11:38:34.091" endtime="20211221 11:38:34.173"/>
</kw>
<if>
<branch type="IF" condition="${Status}">
<kw name="Log To Console" library="BuiltIn">
<arg>${ROLE} can log in</arg>
<doc>Logs the given message to the console.</doc>
<status status="NOT RUN" starttime="20211221 11:38:34.173" endtime="20211221 11:38:34.174"/>
</kw>
<status status="NOT RUN" starttime="20211221 11:38:34.173" endtime="20211221 11:38:34.174"/>
</branch>
<branch type="ELSE">
<kw name="Run Keyword And Return Status" library="BuiltIn">
<var>${read_permission}</var>
<arg>Page Should Contain</arg>
<arg>"missing the Overall/Read permission"</arg>
<doc>Runs the given keyword with given arguments and returns the status as a Boolean value.</doc>
<kw name="Page Should Contain" library="SeleniumLibrary">
<arg>"missing the Overall/Read permission"</arg>
<doc>Verifies that current page contains ``text``.</doc>
<kw name="Capture Page Screenshot" library="SeleniumLibrary">
<doc>Takes a screenshot of the current page and embeds it into a log file.</doc>
<msg timestamp="20211221 11:38:34.238" level="INFO" html="true">&lt;/td&gt;&lt;/tr&gt;&lt;tr&gt;&lt;td colspan="3"&gt;&lt;a href="selenium-screenshot-67.png"&gt;&lt;img src="selenium-screenshot-67.png" width="800px"&gt;&lt;/a&gt;</msg>
<status status="PASS" starttime="20211221 11:38:34.189" endtime="20211221 11:38:34.238"/>
</kw>
<msg timestamp="20211221 11:38:34.238" level="FAIL">Page should have contained text '"missing the Overall/Read permission"' but did not.</msg>
<status status="FAIL" starttime="20211221 11:38:34.174" endtime="20211221 11:38:34.238"/>
</kw>
<msg timestamp="20211221 11:38:34.239" level="INFO">${read_permission} = False</msg>
<status status="PASS" starttime="20211221 11:38:34.174" endtime="20211221 11:38:34.239"/>
</kw>
<if>
<branch type="IF" condition="${read_permission}">
<kw name="Log To Console" library="BuiltIn">
<arg>${USERNAME} cannot log in</arg>
<doc>Logs the given message to the console.</doc>
<status status="NOT RUN" starttime="20211221 11:38:34.239" endtime="20211221 11:38:34.239"/>
</kw>
<status status="NOT RUN" starttime="20211221 11:38:34.239" endtime="20211221 11:38:34.239"/>
</branch>
<branch type="ELSE">
<kw name="Log To Console" library="BuiltIn">
<arg>${USERNAME} can login but has no rights</arg>
<doc>Logs the given message to the console.</doc>
<status status="PASS" starttime="20211221 11:38:34.239" endtime="20211221 11:38:34.239"/>
</kw>
<status status="PASS" starttime="20211221 11:38:34.239" endtime="20211221 11:38:34.239"/>
</branch>
<status status="PASS" starttime="20211221 11:38:34.239" endtime="20211221 11:38:34.239"/>
</if>
<status status="PASS" starttime="20211221 11:38:34.174" endtime="20211221 11:38:34.240"/>
</branch>
<status status="PASS" starttime="20211221 11:38:34.173" endtime="20211221 11:38:34.240"/>
</if>
<status status="PASS" starttime="20211221 11:38:34.091" endtime="20211221 11:38:34.240"/>
</iter>
<status status="PASS" starttime="20211221 11:38:34.091" endtime="20211221 11:38:34.240"/>
</for>
<status status="PASS" starttime="20211221 11:38:33.900" endtime="20211221 11:38:34.240"/>
</kw>
<kw name="Close Browser" library="SeleniumLibrary">
<doc>Closes the current browser.</doc>
<status status="PASS" starttime="20211221 11:38:34.240" endtime="20211221 11:38:34.665"/>
</kw>
<status status="PASS" starttime="20211221 11:38:30.362" endtime="20211221 11:38:34.665"/>
</kw>
<status status="PASS" starttime="20211221 11:38:30.361" endtime="20211221 11:38:34.665"/>
</kw>
<status status="PASS" starttime="20211221 11:38:30.361" endtime="20211221 11:38:34.665"/>
</test>
<test id="s1-s1-s1-t4" name="netcicd-pipeline cannot login to jenkins">
<kw name="Login with correct role provides correct authorization">
<arg>netcicd-pipeline</arg>
<arg>${VALID_PASSWORD}</arg>
<arg>--</arg>
<arg>--</arg>
<kw name="Set Selenium Speed" library="SeleniumLibrary">
<arg>${DELAY}</arg>
<doc>Sets the delay that is waited after each Selenium command.</doc>
<status status="PASS" starttime="20211221 11:38:34.667" endtime="20211221 11:38:34.667"/>
</kw>
<kw name="Are assigned roles present">
<arg>${USERNAME}</arg>
<arg>${PASSWORD}</arg>
<arg>${OK_ROLES}</arg>
<kw name="Open Browser" library="SeleniumLibrary">
<arg>${JENKINS URL}</arg>
<arg>${BROWSER1}</arg>
<doc>Opens a new browser instance to the optional ``url``.</doc>
<msg timestamp="20211221 11:38:34.668" level="INFO">Opening browser 'Firefox' to base url 'http://jenkins.tooling.test:8084/'.</msg>
<msg timestamp="20211221 11:38:34.668" level="INFO">Firefox driver log is always forced to to: /home/marks/CICD-toolbox/geckodriver-209.log</msg>
<status status="PASS" starttime="20211221 11:38:34.667" endtime="20211221 11:38:37.148"/>
</kw>
<kw name="Log into Jenkins as user">
<arg>${USERNAME}</arg>
<arg>${PASSWORD}</arg>
<kw name="Keycloak Page Should Be Open">
<kw name="Title Should Be" library="SeleniumLibrary">
<arg>Sign in to Welcome to the Infrastructure Development Toolkit</arg>
<doc>Verifies that the current page title equals ``title``.</doc>
<msg timestamp="20211221 11:38:37.152" level="INFO">Page title is 'Sign in to Welcome to the Infrastructure Development Toolkit'.</msg>
<status status="PASS" starttime="20211221 11:38:37.150" endtime="20211221 11:38:37.152"/>
</kw>
<status status="PASS" starttime="20211221 11:38:37.149" endtime="20211221 11:38:37.152"/>
</kw>
<kw name="Input Text" library="SeleniumLibrary">
<arg>username</arg>
<arg>${USERNAME}</arg>
<doc>Types the given ``text`` into the text field identified by ``locator``.</doc>
<msg timestamp="20211221 11:38:37.153" level="INFO">Typing text 'netcicd-pipeline' into text field 'username'.</msg>
<status status="PASS" starttime="20211221 11:38:37.152" endtime="20211221 11:38:37.198"/>
</kw>
<kw name="Input Text" library="SeleniumLibrary">
<arg>password</arg>
<arg>${PASSWORD}</arg>
<doc>Types the given ``text`` into the text field identified by ``locator``.</doc>
<msg timestamp="20211221 11:38:37.198" level="INFO">Typing text 'netcicd' into text field 'password'.</msg>
<status status="PASS" starttime="20211221 11:38:37.198" endtime="20211221 11:38:37.221"/>
</kw>
<kw name="Submit Credentials">
<kw name="Click Button" library="SeleniumLibrary">
<arg>kc-login</arg>
<doc>Clicks the button identified by ``locator``.</doc>
<msg timestamp="20211221 11:38:37.222" level="INFO">Clicking button 'kc-login'.</msg>
<status status="PASS" starttime="20211221 11:38:37.221" endtime="20211221 11:38:37.641"/>
</kw>
<status status="PASS" starttime="20211221 11:38:37.221" endtime="20211221 11:38:37.641"/>
</kw>
<kw name="Location Should Contain" library="SeleniumLibrary">
<arg>${JENKINS URL}</arg>
<doc>Verifies that the current URL contains ``expected``.</doc>
<msg timestamp="20211221 11:38:37.644" level="INFO">Current location contains 'http://jenkins.tooling.test:8084/'.</msg>
<status status="PASS" starttime="20211221 11:38:37.641" endtime="20211221 11:38:37.644"/>
</kw>
<status status="PASS" starttime="20211221 11:38:37.148" endtime="20211221 11:38:37.644"/>
</kw>
<kw name="Test given roles">
<arg>${USERNAME}</arg>
<arg>${OK_ROLES}</arg>
<kw name="Go To" library="SeleniumLibrary">
<arg>${JENKINS whoAmI}</arg>
<doc>Navigates the current browser window to the provided ``url``.</doc>
<msg timestamp="20211221 11:38:37.645" level="INFO">Opening url 'http://jenkins.tooling.test:8084/whoAmI'</msg>
<status status="PASS" starttime="20211221 11:38:37.645" endtime="20211221 11:38:37.801"/>
</kw>
<kw name="Split String" library="String">
<var>@{MY_ROLES}</var>
<arg>${OK_ROLES}</arg>
<arg>,</arg>
<doc>Splits the ``string`` using ``separator`` as a delimiter string.</doc>
<msg timestamp="20211221 11:38:37.802" level="INFO">@{MY_ROLES} = [ -- ]</msg>
<status status="PASS" starttime="20211221 11:38:37.802" endtime="20211221 11:38:37.802"/>
</kw>
<for flavor="IN">
<var>${ROLE}</var>
<value>@{MY_ROLES}</value>
<iter>
<var name="${ROLE}">--</var>
<kw name="Run Keyword And Return Status" library="BuiltIn">
<var>${Status}</var>
<arg>Page Should Contain</arg>
<arg>"${ROLE}"</arg>
<doc>Runs the given keyword with given arguments and returns the status as a Boolean value.</doc>
<kw name="Page Should Contain" library="SeleniumLibrary">
<arg>"${ROLE}"</arg>
<doc>Verifies that current page contains ``text``.</doc>
<kw name="Capture Page Screenshot" library="SeleniumLibrary">
<doc>Takes a screenshot of the current page and embeds it into a log file.</doc>
<msg timestamp="20211221 11:38:37.885" level="INFO" html="true">&lt;/td&gt;&lt;/tr&gt;&lt;tr&gt;&lt;td colspan="3"&gt;&lt;a href="selenium-screenshot-68.png"&gt;&lt;img src="selenium-screenshot-68.png" width="800px"&gt;&lt;/a&gt;</msg>
<status status="PASS" starttime="20211221 11:38:37.833" endtime="20211221 11:38:37.885"/>
</kw>
<msg timestamp="20211221 11:38:37.885" level="FAIL">Page should have contained text '"--"' but did not.</msg>
<status status="FAIL" starttime="20211221 11:38:37.802" endtime="20211221 11:38:37.885"/>
</kw>
<msg timestamp="20211221 11:38:37.885" level="INFO">${Status} = False</msg>
<status status="PASS" starttime="20211221 11:38:37.802" endtime="20211221 11:38:37.885"/>
</kw>
<if>
<branch type="IF" condition="${Status}">
<kw name="Log To Console" library="BuiltIn">
<arg>${ROLE} can log in</arg>
<doc>Logs the given message to the console.</doc>
<status status="NOT RUN" starttime="20211221 11:38:37.886" endtime="20211221 11:38:37.886"/>
</kw>
<status status="NOT RUN" starttime="20211221 11:38:37.885" endtime="20211221 11:38:37.886"/>
</branch>
<branch type="ELSE">
<kw name="Run Keyword And Return Status" library="BuiltIn">
<var>${read_permission}</var>
<arg>Page Should Contain</arg>
<arg>"missing the Overall/Read permission"</arg>
<doc>Runs the given keyword with given arguments and returns the status as a Boolean value.</doc>
<kw name="Page Should Contain" library="SeleniumLibrary">
<arg>"missing the Overall/Read permission"</arg>
<doc>Verifies that current page contains ``text``.</doc>
<kw name="Capture Page Screenshot" library="SeleniumLibrary">
<doc>Takes a screenshot of the current page and embeds it into a log file.</doc>
<msg timestamp="20211221 11:38:37.945" level="INFO" html="true">&lt;/td&gt;&lt;/tr&gt;&lt;tr&gt;&lt;td colspan="3"&gt;&lt;a href="selenium-screenshot-69.png"&gt;&lt;img src="selenium-screenshot-69.png" width="800px"&gt;&lt;/a&gt;</msg>
<status status="PASS" starttime="20211221 11:38:37.900" endtime="20211221 11:38:37.945"/>
</kw>
<msg timestamp="20211221 11:38:37.945" level="FAIL">Page should have contained text '"missing the Overall/Read permission"' but did not.</msg>
<status status="FAIL" starttime="20211221 11:38:37.886" endtime="20211221 11:38:37.945"/>
</kw>
<msg timestamp="20211221 11:38:37.945" level="INFO">${read_permission} = False</msg>
<status status="PASS" starttime="20211221 11:38:37.886" endtime="20211221 11:38:37.945"/>
</kw>
<if>
<branch type="IF" condition="${read_permission}">
<kw name="Log To Console" library="BuiltIn">
<arg>${USERNAME} cannot log in</arg>
<doc>Logs the given message to the console.</doc>
<status status="NOT RUN" starttime="20211221 11:38:37.946" endtime="20211221 11:38:37.946"/>
</kw>
<status status="NOT RUN" starttime="20211221 11:38:37.946" endtime="20211221 11:38:37.946"/>
</branch>
<branch type="ELSE">
<kw name="Log To Console" library="BuiltIn">
<arg>${USERNAME} can login but has no rights</arg>
<doc>Logs the given message to the console.</doc>
<status status="PASS" starttime="20211221 11:38:37.946" endtime="20211221 11:38:37.946"/>
</kw>
<status status="PASS" starttime="20211221 11:38:37.946" endtime="20211221 11:38:37.946"/>
</branch>
<status status="PASS" starttime="20211221 11:38:37.946" endtime="20211221 11:38:37.946"/>
</if>
<status status="PASS" starttime="20211221 11:38:37.886" endtime="20211221 11:38:37.946"/>
</branch>
<status status="PASS" starttime="20211221 11:38:37.885" endtime="20211221 11:38:37.946"/>
</if>
<status status="PASS" starttime="20211221 11:38:37.802" endtime="20211221 11:38:37.946"/>
</iter>
<status status="PASS" starttime="20211221 11:38:37.802" endtime="20211221 11:38:37.946"/>
</for>
<status status="PASS" starttime="20211221 11:38:37.644" endtime="20211221 11:38:37.946"/>
</kw>
<kw name="Close Browser" library="SeleniumLibrary">
<doc>Closes the current browser.</doc>
<status status="PASS" starttime="20211221 11:38:37.946" endtime="20211221 11:38:38.356"/>
</kw>
<status status="PASS" starttime="20211221 11:38:34.667" endtime="20211221 11:38:38.356"/>
</kw>
<status status="PASS" starttime="20211221 11:38:34.666" endtime="20211221 11:38:38.356"/>
</kw>
<status status="PASS" starttime="20211221 11:38:34.666" endtime="20211221 11:38:38.356"/>
</test>
<doc>Validating login for each LDAP group
Each LDAP group has a predefined user
When this user logs in, the associated rights must be assigned.
There are three tests required:
- Are assigned roles present
- Are present roles assigned
- Are explicitly disallowed roles not secretly present</doc>
<status status="PASS" starttime="20211221 11:38:17.857" endtime="20211221 11:38:38.357"/>
</suite>
<status status="PASS" starttime="20211221 11:38:17.855" endtime="20211221 11:38:38.359"/>
</suite>
<status status="PASS" starttime="20211221 11:38:17.836" endtime="20211221 11:38:38.360"/>
</suite>
<statistics>
<total>
<stat pass="4" fail="0" skip="0">All Tests</stat>
</total>
<tag>
</tag>
<suite>
<stat pass="4" fail="0" skip="0" id="s1" name="Install Tests">Install Tests</stat>
<stat pass="4" fail="0" skip="0" id="s1-s1" name="Jenkins">Install Tests.Jenkins</stat>
<stat pass="4" fail="0" skip="0" id="s1-s1-s1" name="Login Test">Install Tests.Jenkins.Login Test</stat>
</suite>
</statistics>
<errors>
</errors>
</robot>
